<?xml version="1.0" encoding="UTF-8"?>
<testng-results ignored="0" total="1" passed="1" failed="0" skipped="0">
  <reporter-output>
  </reporter-output>
  <suite started-at="2021-08-29T13:54:53 IST" name="Default suite" finished-at="2021-08-29T13:54:53 IST" duration-ms="96">
    <groups>
    </groups>
    <test started-at="2021-08-29T13:54:53 IST" name="Default test" finished-at="2021-08-29T13:54:53 IST" duration-ms="96">
      <class name="NewTest123">
        <test-method is-config="true" signature="beforeTest()[pri:0, instance:NewTest123@346d61be]" started-at="2021-08-29T13:54:53 IST" name="beforeTest" finished-at="2021-08-29T13:54:53 IST" duration-ms="15" status="PASS">
          <reporter-output>
          </reporter-output>
        </test-method> <!-- beforeTest -->
        <test-method signature="f()[pri:0, instance:NewTest123@346d61be]" started-at="2021-08-29T13:54:53 IST" name="f" finished-at="2021-08-29T13:54:53 IST" duration-ms="12" status="PASS">
          <reporter-output>
          </reporter-output>
        </test-method> <!-- f -->
        <test-method is-config="true" signature="afterTest()[pri:0, instance:NewTest123@346d61be]" started-at="2021-08-29T13:54:53 IST" name="afterTest" finished-at="2021-08-29T13:54:53 IST" duration-ms="1" status="PASS">
          <reporter-output>
          </reporter-output>
        </test-method> <!-- afterTest -->
      </class> <!-- NewTest123 -->
    </test> <!-- Default test -->
  </suite> <!-- Default suite -->
</testng-results>
